d:\project\easypr-master-bak\_build\libeasypr\debug\vc120.pdb
d:\project\easypr-master-bak\_build\libeasypr\debug\vc120.idb
d:\project\easypr-master-bak\_build\libeasypr\debug\core_func.obj
d:\project\easypr-master-bak\_build\libeasypr\debug\feature.obj
d:\project\easypr-master-bak\_build\libeasypr\debug\params.obj
d:\project\easypr-master-bak\_build\libeasypr\debug\plate_detect.obj
d:\project\easypr-master-bak\_build\libeasypr\debug\plate_judge.obj
d:\project\easypr-master-bak\_build\libeasypr\debug\plate_locate.obj
d:\project\easypr-master-bak\_build\libeasypr\debug\plate_recognize.obj
d:\project\easypr-master-bak\_build\libeasypr\debug\deface.obj
d:\project\easypr-master-bak\_build\libeasypr\debug\gdts.obj
d:\project\easypr-master-bak\_build\libeasypr\debug\mc_data.obj
d:\project\easypr-master-bak\_build\libeasypr\debug\ann_train.obj
d:\project\easypr-master-bak\_build\libeasypr\debug\svm_train.obj
d:\project\easypr-master-bak\_build\libeasypr\debug\train.obj
d:\project\easypr-master-bak\_build\libeasypr\debug\kv.obj
d:\project\easypr-master-bak\_build\libeasypr\debug\program_options.obj
d:\project\easypr-master-bak\_build\libeasypr\debug\util.obj
d:\project\easypr-master-bak\_build\libeasypr\debug\helper.obj
d:\project\easypr-master-bak\_build\libeasypr\debug\lbp.obj
d:\project\easypr-master-bak\_build\libeasypr\debug\mser2.obj
d:\project\easypr-master-bak\_build\libeasypr\debug\erfilter.obj
d:\project\easypr-master-bak\_build\libeasypr\debug\caffe_recognise.obj
d:\project\easypr-master-bak\_build\libeasypr\debug\chars_identify.obj
d:\project\easypr-master-bak\_build\libeasypr\debug\chars_recognise.obj
d:\project\easypr-master-bak\_build\libeasypr\debug\chars_segment.obj
d:\project\easypr-master-bak\_build\libeasypr.lib
d:\project\easypr-master-bak\_build\libeasypr\debug\libeasypr.tlog\cl.command.1.tlog
d:\project\easypr-master-bak\_build\libeasypr\debug\libeasypr.tlog\cl.read.1.tlog
d:\project\easypr-master-bak\_build\libeasypr\debug\libeasypr.tlog\cl.write.1.tlog
d:\project\easypr-master-bak\_build\libeasypr\debug\libeasypr.tlog\lib-link.read.1.tlog
d:\project\easypr-master-bak\_build\libeasypr\debug\libeasypr.tlog\lib-link.write.1.tlog
d:\project\easypr-master-bak\_build\libeasypr\debug\libeasypr.tlog\lib.command.1.tlog
